<?xml version="1.0" encoding="UTF-8"?>
<testsuite xmlns:xsi="http://www.w3.org/2001/XMLSchema-instance" xsi:noNamespaceSchemaLocation="https://maven.apache.org/surefire/maven-surefire-plugin/xsd/surefire-test-report-3.0.xsd" version="3.0" name="uk.gov.dwp.uc.pairtest.TestTicketServiceImpl" time="0.299" tests="4" errors="0" skipped="0" failures="0">
  <properties>
[...]
</properties>
  <testcase name="testValidPurchase" classname="uk.gov.dwp.uc.pairtest.TestTicketServiceImpl" time="0.276"/>
  <testcase name="testMoreThan25Tickets" classname="uk.gov.dwp.uc.pairtest.TestTicketServiceImpl" time="0.001"/>
  <testcase name="testInvalidAccountId" classname="uk.gov.dwp.uc.pairtest.TestTicketServiceImpl" time="0.0"/>
  <testcase name="testChildWithoutAdult" classname="uk.gov.dwp.uc.pairtest.TestTicketServiceImpl" time="0.0"/>
</testsuite>